2025-09-26 05:26:00 [DEBUG] pymongo.ocsp_support:303 – Peer did not staple an OCSP response
2025-09-26 05:26:00 [DEBUG] pymongo.ocsp_support:323 – No OCSP URI, soft fail
2025-09-26 05:26:00 [DEBUG] pymongo.ocsp_support:303 – Peer did not staple an OCSP response
2025-09-26 05:26:00 [DEBUG] pymongo.ocsp_support:323 – No OCSP URI, soft fail
2025-09-26 05:26:00 [DEBUG] pymongo.ocsp_support:303 – Peer did not staple an OCSP response
2025-09-26 05:26:00 [DEBUG] pymongo.ocsp_support:323 – No OCSP URI, soft fail
2025-09-26 05:26:00 [DEBUG] pymongo.ocsp_support:303 – Peer did not staple an OCSP response
2025-09-26 05:26:00 [DEBUG] pymongo.ocsp_support:323 – No OCSP URI, soft fail
2025-09-26 05:26:00 [DEBUG] pymongo.ocsp_support:303 – Peer did not staple an OCSP response
2025-09-26 05:26:00 [DEBUG] pymongo.ocsp_support:323 – No OCSP URI, soft fail
2025-09-26 05:26:00 [DEBUG] pymongo.ocsp_support:303 – Peer did not staple an OCSP response
2025-09-26 05:26:00 [DEBUG] pymongo.ocsp_support:323 – No OCSP URI, soft fail
2025-09-26 05:26:00 [DEBUG] pymongo.ocsp_support:303 – Peer did not staple an OCSP response
2025-09-26 05:26:00 [DEBUG] pymongo.ocsp_support:323 – No OCSP URI, soft fail
2025-09-26 05:26:01 [DEBUG] passlib.registry:296 – registered 'bcrypt' handler: <class 'passlib.handlers.bcrypt.bcrypt'>
Traceback (most recent call last):
  File "/home/ubuntu/resilient-apps/ResCanvas/backend/app.py", line 65, in <module>
    socketio.run(app, debug=True, host="0.0.0.0", port=10010)
  File "/home/ubuntu/.local/lib/python3.10/site-packages/flask_socketio/__init__.py", line 650, in run
    raise RuntimeError('The Werkzeug web server is not '
RuntimeError: The Werkzeug web server is not designed to run in production. Pass allow_unsafe_werkzeug=True to the run() method to disable this error.
